#
# There is insufficient memory for the Java Runtime Environment to continue.
# Native memory allocation (malloc) failed to allocate 1539696 bytes for Chunk::new
# Possible reasons:
#   The system is out of physical RAM or swap space
#   The process is running with CompressedOops enabled, and the Java Heap may be blocking the growth of the native heap
# Possible solutions:
#   Reduce memory load on the system
#   Increase physical memory or swap space
#   Check if swap backing store is full
#   Decrease Java heap size (-Xmx/-Xms)
#   Decrease number of Java threads
#   Decrease Java thread stack sizes (-Xss)
#   Set larger code cache with -XX:ReservedCodeCacheSize=
#   JVM is running with Unscaled Compressed Oops mode in which the Java heap is
#     placed in the first 4GB address space. The Java Heap base address is the
#     maximum limit for the native heap growth. Please use -XX:HeapBaseMinAddress
#     to set the Java Heap base and to place the Java Heap above 4GB virtual address.
# This output file may be truncated or incomplete.
#
#  Out of Memory Error (allocation.cpp:389), pid=3520, tid=0x0000000000001da4
#
# JRE version: OpenJDK Runtime Environment (8.0_242-b01) (build 1.8.0_242-release-1644-b01)
# Java VM: OpenJDK 64-Bit Server VM (25.242-b01 mixed mode windows-amd64 compressed oops)
# Failed to write core dump. Minidumps are not enabled by default on client versions of Windows
#

---------------  T H R E A D  ---------------

Current thread (0x0000000019c07000):  JavaThread "C2 CompilerThread2" daemon [_thread_in_native, id=7588, stack(0x000000001b440000,0x000000001b540000)]

Stack: [0x000000001b440000,0x000000001b540000]
[error occurred during error reporting (printing stack bounds), id 0xc0000005]

Native frames: (J=compiled Java code, j=interpreted, Vv=VM code, C=native code)


Current CompileTask:
C2:6955123 37462       4       org.objectweb.asm.ClassReader::readMethod (1061 bytes)


---------------  P R O C E S S  ---------------

Java Threads: ( => current thread )
  0x000000001c5da800 JavaThread "WorkerExecutor Queue Thread 14" [_thread_blocked, id=10760, stack(0x00000000464a0000,0x00000000465a0000)]
  0x000000001c5d9800 JavaThread "Cache worker for Java compile cache (D:\Programming\CalculateIT\.gradle\6.5\javaCompile)" [_thread_blocked, id=1648, stack(0x0000000045b30000,0x0000000045c30000)]
  0x000000001c5d9000 JavaThread "Cache worker for Java compile cache (C:\Users\BISHAL\.gradle\caches\6.5\javaCompile)" [_thread_blocked, id=6260, stack(0x0000000045a30000,0x0000000045b30000)]
  0x000000001fd60800 JavaThread "RMI TCP Connection(7)-127.0.0.1" daemon [_thread_in_native, id=960, stack(0x0000000045930000,0x0000000045a30000)]
  0x000000001fd59000 JavaThread "RMI TCP Accept-0" daemon [_thread_in_native, id=12932, stack(0x0000000044230000,0x0000000044330000)]
  0x000000001fd60000 JavaThread "RMI RenewClean-[127.0.0.1:17417,org.jetbrains.kotlin.daemon.common.LoopbackNetworkInterface$ClientLoopbackSocketFactory@4aa78c61]" daemon [_thread_blocked, id=12912, stack(0x0000000043f30000,0x0000000044030000)]
  0x000000001fd5d000 JavaThread "WorkerExecutor Queue Thread 13" [_thread_blocked, id=11908, stack(0x0000000043c30000,0x0000000043d30000)]
  0x000000001fd5c000 JavaThread "stdout" [_thread_in_native, id=14384, stack(0x0000000045630000,0x0000000045730000)]
  0x000000001fd5e800 JavaThread "stderr" [_thread_in_native, id=7980, stack(0x0000000045530000,0x0000000045630000)]
  0x000000001fd5a800 JavaThread "stdout" [_thread_in_native, id=2424, stack(0x0000000045430000,0x0000000045530000)]
  0x000000001fd5d800 JavaThread "stderr" [_thread_in_native, id=6996, stack(0x0000000045330000,0x0000000045430000)]
  0x000000001fd5a000 JavaThread "stdout" [_thread_in_native, id=10440, stack(0x0000000045230000,0x0000000045330000)]
  0x000000001fd5b800 JavaThread "stderr" [_thread_in_native, id=1548, stack(0x0000000045130000,0x0000000045230000)]
  0x0000000020c82000 JavaThread "stdout" [_thread_in_native, id=14064, stack(0x0000000045030000,0x0000000045130000)]
  0x0000000020c81000 JavaThread "stderr" [_thread_in_native, id=6932, stack(0x0000000044f30000,0x0000000045030000)]
  0x0000000020c88000 JavaThread "stdout" [_thread_in_native, id=14652, stack(0x0000000044e30000,0x0000000044f30000)]
  0x0000000020c80800 JavaThread "stderr" [_thread_in_native, id=12012, stack(0x0000000044d30000,0x0000000044e30000)]
  0x0000000020c86800 JavaThread "stdout" [_thread_in_native, id=5384, stack(0x0000000044c30000,0x0000000044d30000)]
  0x0000000020c85800 JavaThread "stderr" [_thread_in_native, id=5012, stack(0x0000000044b30000,0x0000000044c30000)]
  0x0000000020c84000 JavaThread "stdout" [_thread_in_native, id=13888, stack(0x0000000044a30000,0x0000000044b30000)]
  0x0000000020c85000 JavaThread "stderr" [_thread_in_native, id=2232, stack(0x0000000044930000,0x0000000044a30000)]
  0x0000000020c83800 JavaThread "stdout" [_thread_in_native, id=12356, stack(0x0000000044830000,0x0000000044930000)]
  0x0000000020c87000 JavaThread "stderr" [_thread_in_native, id=5392, stack(0x0000000044730000,0x0000000044830000)]
  0x0000000020c82800 JavaThread "pool-13-thread-1" [_thread_blocked, id=12360, stack(0x0000000044630000,0x0000000044730000)]
  0x000000001fd92000 JavaThread "WorkerExecutor Queue Thread 12" [_thread_blocked, id=9620, stack(0x0000000044330000,0x0000000044430000)]
  0x000000001fd95800 JavaThread "WorkerExecutor Queue Thread 10" [_thread_blocked, id=13244, stack(0x0000000044130000,0x0000000044230000)]
  0x000000001fd96800 JavaThread "WorkerExecutor Queue Thread 9" [_thread_blocked, id=6656, stack(0x0000000044030000,0x0000000044130000)]
  0x000000001fd8f800 JavaThread "WorkerExecutor Queue Thread 7" [_thread_in_native, id=2584, stack(0x0000000043e30000,0x0000000043f30000)]
  0x000000001fd88000 JavaThread "WorkerExecutor Queue Thread 6" [_thread_blocked, id=2224, stack(0x0000000043d30000,0x0000000043e30000)]
  0x000000001fd8b000 JavaThread "WorkerExecutor Queue Thread 4" [_thread_blocked, id=12752, stack(0x0000000043b30000,0x0000000043c30000)]
  0x0000000020f2e000 JavaThread "WorkerExecutor Queue Thread 3" [_thread_blocked, id=13448, stack(0x0000000043a30000,0x0000000043b30000)]
  0x0000000020f2d800 JavaThread "WorkerExecutor Queue Thread 2" [_thread_blocked, id=12476, stack(0x0000000043930000,0x0000000043a30000)]
  0x0000000020f31000 JavaThread "WorkerExecutor Queue" [_thread_blocked, id=7712, stack(0x0000000043830000,0x0000000043930000)]
  0x0000000020f26000 JavaThread "Cache worker for execution history cache (D:\Programming\CalculateIT\.gradle\6.5\executionHistory)" [_thread_blocked, id=6556, stack(0x0000000043730000,0x0000000043830000)]
  0x0000000020f2c800 JavaThread "Execution worker for ':' Thread 11" [_thread_blocked, id=876, stack(0x0000000043630000,0x0000000043730000)]
  0x0000000020f25000 JavaThread "Execution worker for ':' Thread 10" [_thread_blocked, id=11576, stack(0x0000000042930000,0x0000000042a30000)]
  0x0000000020f2c000 JavaThread "Execution worker for ':' Thread 9" [_thread_blocked, id=11624, stack(0x0000000040790000,0x0000000040890000)]
  0x0000000020f2b000 JavaThread "Execution worker for ':' Thread 8" [_thread_blocked, id=10556, stack(0x0000000040400000,0x0000000040500000)]
  0x0000000020f29800 JavaThread "Execution worker for ':' Thread 7" [_thread_blocked, id=9144, stack(0x0000000038040000,0x0000000038140000)]
  0x0000000020f26800 JavaThread "Execution worker for ':' Thread 6" [_thread_blocked, id=12540, stack(0x0000000037d40000,0x0000000037e40000)]
  0x0000000020f24000 JavaThread "Execution worker for ':' Thread 5" [_thread_blocked, id=15144, stack(0x0000000037640000,0x0000000037740000)]
  0x0000000020f27800 JavaThread "Execution worker for ':' Thread 4" [_thread_blocked, id=10896, stack(0x0000000034180000,0x0000000034280000)]
  0x0000000020f23800 JavaThread "Execution worker for ':' Thread 3" [_thread_blocked, id=10956, stack(0x0000000033750000,0x0000000033850000)]
  0x0000000020e8a000 JavaThread "Execution worker for ':' Thread 2" [_thread_blocked, id=9556, stack(0x0000000033250000,0x0000000033350000)]
  0x0000000020e89000 JavaThread "Execution worker for ':'" [_thread_blocked, id=7816, stack(0x0000000032750000,0x0000000032850000)]
  0x0000000020e88800 JavaThread "Cache worker for file content cache (D:\Programming\CalculateIT\.gradle\6.5\fileContent)" [_thread_blocked, id=14960, stack(0x0000000032150000,0x0000000032250000)]
  0x0000000020e87800 JavaThread "Cache worker for Build Output Cleanup Cache (D:\Programming\CalculateIT\.gradle\buildOutputCleanup)" [_thread_blocked, id=13992, stack(0x0000000031e50000,0x0000000031f50000)]
  0x0000000020e86000 JavaThread "Build operations Thread 12" [_thread_blocked, id=13760, stack(0x00000000310c0000,0x00000000311c0000)]
  0x0000000020e87000 JavaThread "Build operations Thread 11" [_thread_blocked, id=9504, stack(0x000000002bc70000,0x000000002bd70000)]
  0x0000000020e7c800 JavaThread "Build operations Thread 10" [_thread_blocked, id=7912, stack(0x0000000026470000,0x0000000026570000)]
  0x0000000020e81800 JavaThread "Build operations Thread 9" [_thread_blocked, id=14416, stack(0x0000000026370000,0x0000000026470000)]
  0x0000000020e7b800 JavaThread "Build operations Thread 8" [_thread_blocked, id=12272, stack(0x0000000026270000,0x0000000026370000)]
  0x0000000020e81000 JavaThread "Build operations Thread 7" [_thread_blocked, id=13468, stack(0x0000000026170000,0x0000000026270000)]
  0x0000000020e80000 JavaThread "Build operations Thread 6" [_thread_blocked, id=14664, stack(0x0000000026070000,0x0000000026170000)]
  0x0000000020e7f800 JavaThread "Build operations Thread 5" [_thread_blocked, id=10400, stack(0x0000000025f70000,0x0000000026070000)]
  0x0000000020e7e800 JavaThread "Build operations Thread 4" [_thread_blocked, id=10464, stack(0x0000000025e70000,0x0000000025f70000)]
  0x000000002146f800 JavaThread "Build operations Thread 3" [_thread_blocked, id=1516, stack(0x0000000025b50000,0x0000000025c50000)]
  0x000000002146e800 JavaThread "Build operations Thread 2" [_thread_blocked, id=15036, stack(0x0000000024060000,0x0000000024160000)]
  0x000000002146c800 JavaThread "Build operations" [_thread_blocked, id=14928, stack(0x0000000023760000,0x0000000023860000)]
  0x000000002146b800 JavaThread "Cache worker for cache directory md-rule (C:\Users\BISHAL\.gradle\caches\6.5\md-rule)" [_thread_blocked, id=10936, stack(0x0000000023660000,0x0000000023760000)]
  0x000000002146e000 JavaThread "Cache worker for cache directory md-supplier (C:\Users\BISHAL\.gradle\caches\6.5\md-supplier)" [_thread_blocked, id=14236, stack(0x0000000023560000,0x0000000023660000)]
  0x000000002146d000 JavaThread "Cache worker for checksums cache (D:\Programming\CalculateIT\.gradle\checksums)" [_thread_blocked, id=5068, stack(0x0000000023260000,0x0000000023360000)]
  0x0000000021464000 JavaThread "Cache worker for file hash cache (D:\Programming\CalculateIT\.gradle\6.5\fileHashes)" [_thread_blocked, id=3164, stack(0x0000000023160000,0x0000000023260000)]
  0x000000002146a000 JavaThread "Thread-917" [_thread_blocked, id=812, stack(0x0000000021d00000,0x0000000021e00000)]
  0x0000000021462800 JavaThread "Stdin handler" [_thread_blocked, id=8108, stack(0x000000001f360000,0x000000001f460000)]
  0x0000000021469800 JavaThread "Asynchronous log dispatcher for DefaultDaemonConnection: socket connection from /127.0.0.1:49416 to /127.0.0.1:53656" [_thread_blocked, id=6920, stack(0x000000001e720000,0x000000001e820000)]
  0x0000000021462000 JavaThread "Cancel handler" [_thread_blocked, id=7160, stack(0x00000000015b0000,0x00000000016b0000)]
  0x0000000021461000 JavaThread "Handler for socket connection from /127.0.0.1:49416 to /127.0.0.1:53656" [_thread_in_native, id=13948, stack(0x00000000014b0000,0x00000000015b0000)]
  0x0000000021460800 JavaThread "jar transforms Thread 664" [_thread_blocked, id=6964, stack(0x000000002bb70000,0x000000002bc70000)]
  0x00000000356d6800 JavaThread "jar transforms Thread 663" [_thread_blocked, id=15260, stack(0x000000002ba70000,0x000000002bb70000)]
  0x00000000356d6000 JavaThread "jar transforms Thread 662" [_thread_blocked, id=6292, stack(0x000000002b970000,0x000000002ba70000)]
  0x00000000356d4800 JavaThread "jar transforms Thread 661" [_thread_blocked, id=7380, stack(0x000000002b870000,0x000000002b970000)]
  0x00000000356d1800 JavaThread "jar transforms Thread 660" [_thread_blocked, id=15096, stack(0x000000002b770000,0x000000002b870000)]
  0x00000000356d3800 JavaThread "jar transforms Thread 659" [_thread_blocked, id=12100, stack(0x000000002b570000,0x000000002b670000)]
  0x00000000356d5000 JavaThread "jar transforms Thread 658" [_thread_blocked, id=14500, stack(0x000000002b470000,0x000000002b570000)]
  0x00000000356cb800 JavaThread "jar transforms Thread 657" [_thread_blocked, id=10780, stack(0x000000002b370000,0x000000002b470000)]
  0x00000000356d0800 JavaThread "jar transforms Thread 656" [_thread_blocked, id=11796, stack(0x000000002b270000,0x000000002b370000)]
  0x00000000356cf000 JavaThread "jar transforms Thread 655" [_thread_blocked, id=1272, stack(0x000000002b170000,0x000000002b270000)]
  0x00000000356d0000 JavaThread "jar transforms Thread 654" [_thread_blocked, id=5396, stack(0x000000002b070000,0x000000002b170000)]
  0x00000000356cd800 JavaThread "jar transforms Thread 653" [_thread_blocked, id=2804, stack(0x000000002af70000,0x000000002b070000)]
  0x00000000356cd000 JavaThread "jar transforms Thread 652" [_thread_blocked, id=5644, stack(0x000000002ae70000,0x000000002af70000)]
  0x00000000356ce800 JavaThread "jar transforms Thread 651" [_thread_blocked, id=3060, stack(0x000000002ad70000,0x000000002ae70000)]
  0x00000000356d2000 JavaThread "jar transforms Thread 650" [_thread_blocked, id=2272, stack(0x000000002ac70000,0x000000002ad70000)]
  0x00000000356c8800 JavaThread "jar transforms Thread 649" [_thread_blocked, id=11056, stack(0x000000002ab70000,0x000000002ac70000)]
  0x00000000356cc000 JavaThread "jar transforms Thread 648" [_thread_blocked, id=6232, stack(0x000000002aa70000,0x000000002ab70000)]
  0x00000000356c9000 JavaThread "jar transforms Thread 647" [_thread_blocked, id=14932, stack(0x000000002a970000,0x000000002aa70000)]
  0x00000000356ca800 JavaThread "jar transforms Thread 646" [_thread_blocked, id=9040, stack(0x000000002a870000,0x000000002a970000)]
  0x00000000356c1000 JavaThread "jar transforms Thread 645" [_thread_blocked, id=4220, stack(0x000000002a770000,0x000000002a870000)]
  0x00000000356c7000 JavaThread "jar transforms Thread 644" [_thread_blocked, id=10584, stack(0x000000002a670000,0x000000002a770000)]
  0x00000000356bf000 JavaThread "jar transforms Thread 643" [_thread_blocked, id=11012, stack(0x000000002a570000,0x000000002a670000)]
  0x00000000356c6000 JavaThread "jar transforms Thread 642" [_thread_blocked, id=7276, stack(0x000000002a470000,0x000000002a570000)]
  0x00000000356c2800 JavaThread "jar transforms Thread 641" [_thread_blocked, id=7560, stack(0x000000002a370000,0x000000002a470000)]
  0x00000000356b7800 JavaThread "jar transforms Thread 640" [_thread_blocked, id=4388, stack(0x000000002a270000,0x000000002a370000)]
  0x00000000356bb800 JavaThread "jar transforms Thread 639" [_thread_blocked, id=1500, stack(0x000000002a170000,0x000000002a270000)]
  0x0000000025372800 JavaThread "jar transforms Thread 638" [_thread_blocked, id=12308, stack(0x000000002a070000,0x000000002a170000)]
  0x0000000025372000 JavaThread "jar transforms Thread 637" [_thread_blocked, id=12656, stack(0x0000000029f70000,0x000000002a070000)]
  0x0000000025374000 JavaThread "jar transforms Thread 636" [_thread_blocked, id=8088, stack(0x0000000029e70000,0x0000000029f70000)]
  0x0000000025373800 JavaThread "jar transforms Thread 635" [_thread_blocked, id=1720, stack(0x0000000029d70000,0x0000000029e70000)]
  0x0000000025371000 JavaThread "jar transforms Thread 634" [_thread_blocked, id=4668, stack(0x0000000029c70000,0x0000000029d70000)]
  0x0000000025369800 JavaThread "jar transforms Thread 633" [_thread_blocked, id=7108, stack(0x0000000029b70000,0x0000000029c70000)]
  0x0000000025370800 JavaThread "jar transforms Thread 632" [_thread_blocked, id=2880, stack(0x0000000029a70000,0x0000000029b70000)]
  0x000000002536c800 JavaThread "jar transforms Thread 631" [_thread_blocked, id=240, stack(0x0000000029970000,0x0000000029a70000)]
  0x000000002536d800 JavaThread "jar transforms Thread 630" [_thread_blocked, id=6688, stack(0x0000000029870000,0x0000000029970000)]
  0x000000002536c000 JavaThread "jar transforms Thread 629" [_thread_blocked, id=14372, stack(0x0000000029770000,0x0000000029870000)]
  0x000000002536b000 JavaThread "jar transforms Thread 628" [_thread_blocked, id=2852, stack(0x0000000029670000,0x0000000029770000)]
  0x0000000025360800 JavaThread "jar transforms Thread 627" [_thread_blocked, id=7984, stack(0x0000000029570000,0x0000000029670000)]
  0x0000000025360000 JavaThread "jar transforms Thread 626" [_thread_blocked, id=8548, stack(0x0000000029470000,0x0000000029570000)]
  0x0000000025366800 JavaThread "jar transforms Thread 625" [_thread_blocked, id=15228, stack(0x0000000029370000,0x0000000029470000)]
  0x000000002535e800 JavaThread "jar transforms Thread 624" [_thread_blocked, id=14920, stack(0x0000000029270000,0x0000000029370000)]
  0x0000000025364800 JavaThread "jar transforms Thread 623" [_thread_blocked, id=7388, stack(0x0000000029170000,0x0000000029270000)]
  0x000000002535f000 JavaThread "jar transforms Thread 622" [_thread_blocked, id=8036, stack(0x0000000029070000,0x0000000029170000)]
  0x0000000025363800 JavaThread "jar transforms Thread 621" [_thread_blocked, id=10396, stack(0x0000000028f70000,0x0000000029070000)]
  0x0000000025363000 JavaThread "jar transforms Thread 620" [_thread_blocked, id=14368, stack(0x0000000028e70000,0x0000000028f70000)]
  0x0000000025357000 JavaThread "jar transforms Thread 619" [_thread_blocked, id=12492, stack(0x0000000028d70000,0x0000000028e70000)]
  0x0000000025358800 JavaThread "jar transforms Thread 618" [_thread_blocked, id=15108, stack(0x0000000028c70000,0x0000000028d70000)]
  0x000000002535a800 JavaThread "jar transforms Thread 617" [_thread_blocked, id=14572, stack(0x0000000028b70000,0x0000000028c70000)]
  0x000000002535d800 JavaThread "jar transforms Thread 616" [_thread_blocked, id=1984, stack(0x0000000028a70000,0x0000000028b70000)]
  0x000000002535b800 JavaThread "jar transforms Thread 615" [_thread_blocked, id=872, stack(0x0000000028970000,0x0000000028a70000)]
  0x0000000025356000 JavaThread "jar transforms Thread 614" [_thread_blocked, id=15044, stack(0x0000000028870000,0x0000000028970000)]
  0x000000002535d000 JavaThread "jar transforms Thread 613" [_thread_blocked, id=8660, stack(0x0000000028770000,0x0000000028870000)]
  0x0000000025357800 JavaThread "jar transforms Thread 612" [_thread_blocked, id=11300, stack(0x0000000028670000,0x0000000028770000)]
  0x000000002535a000 JavaThread "jar transforms Thread 611" [_thread_blocked, id=1448, stack(0x0000000028570000,0x0000000028670000)]
  0x0000000025355800 JavaThread "jar transforms Thread 610" [_thread_blocked, id=13152, stack(0x0000000028470000,0x0000000028570000)]
  0x000000002da39800 JavaThread "jar transforms Thread 609" [_thread_blocked, id=5260, stack(0x0000000028370000,0x0000000028470000)]
  0x000000002da38800 JavaThread "jar transforms Thread 608" [_thread_blocked, id=5284, stack(0x0000000028270000,0x0000000028370000)]
  0x000000002da3a000 JavaThread "jar transforms Thread 607" [_thread_blocked, id=9044, stack(0x0000000028170000,0x0000000028270000)]
  0x000000002da37000 JavaThread "jar transforms Thread 606" [_thread_blocked, id=2332, stack(0x0000000028070000,0x0000000028170000)]
  0x000000002da38000 JavaThread "jar transforms Thread 605" [_thread_blocked, id=12560, stack(0x0000000027f70000,0x0000000028070000)]
  0x000000002da3b000 JavaThread "jar transforms Thread 604" [_thread_blocked, id=14824, stack(0x0000000027e70000,0x0000000027f70000)]
  0x000000002da2f800 JavaThread "jar transforms Thread 603" [_thread_blocked, id=4288, stack(0x0000000027d70000,0x0000000027e70000)]
  0x000000002da36800 JavaThread "jar transforms Thread 602" [_thread_blocked, id=7484, stack(0x0000000027c70000,0x0000000027d70000)]
  0x000000002da35800 JavaThread "jar transforms Thread 601" [_thread_blocked, id=9904, stack(0x0000000027b70000,0x0000000027c70000)]
  0x000000002da35000 JavaThread "jar transforms Thread 600" [_thread_blocked, id=3692, stack(0x0000000027a70000,0x0000000027b70000)]
  0x000000002da34000 JavaThread "jar transforms Thread 599" [_thread_blocked, id=13368, stack(0x0000000027970000,0x0000000027a70000)]
  0x000000002da33800 JavaThread "jar transforms Thread 598" [_thread_blocked, id=8820, stack(0x0000000027870000,0x0000000027970000)]
  0x000000002da2c000 JavaThread "jar transforms Thread 597" [_thread_blocked, id=12584, stack(0x0000000027770000,0x0000000027870000)]
  0x000000002da32800 JavaThread "jar transforms Thread 596" [_thread_blocked, id=10296, stack(0x0000000027670000,0x0000000027770000)]
  0x000000002da2b000 JavaThread "jar transforms Thread 595" [_thread_blocked, id=1928, stack(0x0000000027570000,0x0000000027670000)]
  0x000000002da2f000 JavaThread "jar transforms Thread 594" [_thread_blocked, id=3676, stack(0x0000000027470000,0x0000000027570000)]
  0x000000002da32000 JavaThread "jar transforms Thread 593" [_thread_blocked, id=6928, stack(0x0000000027370000,0x0000000027470000)]
  0x000000002da31000 JavaThread "jar transforms Thread 592" [_thread_blocked, id=4600, stack(0x0000000027270000,0x0000000027370000)]
  0x000000002da30800 JavaThread "jar transforms Thread 591" [_thread_blocked, id=6672, stack(0x0000000027170000,0x0000000027270000)]
  0x000000002da2e000 JavaThread "jar transforms Thread 590" [_thread_blocked, id=15300, stack(0x0000000027070000,0x0000000027170000)]
  0x000000002da2d800 JavaThread "jar transforms Thread 589" [_thread_blocked, id=12556, stack(0x0000000026f70000,0x0000000027070000)]
  0x000000002da2c800 JavaThread "jar transforms Thread 588" [_thread_blocked, id=6844, stack(0x0000000026e70000,0x0000000026f70000)]
  0x000000002da23800 JavaThread "jar transforms Thread 587" [_thread_blocked, id=11636, stack(0x0000000026d70000,0x0000000026e70000)]
  0x000000002da2a800 JavaThread "jar transforms Thread 586" [_thread_blocked, id=8788, stack(0x0000000026c70000,0x0000000026d70000)]
  0x000000002da29800 JavaThread "jar transforms Thread 585" [_thread_blocked, id=9580, stack(0x0000000026b70000,0x0000000026c70000)]
  0x000000002da29000 JavaThread "jar transforms Thread 584" [_thread_blocked, id=10776, stack(0x0000000026a70000,0x0000000026b70000)]
  0x000000002da28000 JavaThread "jar transforms Thread 583" [_thread_blocked, id=4412, stack(0x0000000026970000,0x0000000026a70000)]
  0x000000002da23000 JavaThread "jar transforms Thread 582" [_thread_blocked, id=14148, stack(0x0000000026870000,0x0000000026970000)]
  0x000000002da20800 JavaThread "jar transforms Thread 581" [_thread_blocked, id=4532, stack(0x0000000026770000,0x0000000026870000)]
  0x000000002da27800 JavaThread "jar transforms Thread 580" [_thread_blocked, id=14284, stack(0x0000000026670000,0x0000000026770000)]
  0x000000002da26800 JavaThread "jar transforms Thread 579" [_thread_blocked, id=2096, stack(0x0000000026570000,0x0000000026670000)]
  0x000000002da26000 JavaThread "jar transforms Thread 578" [_thread_blocked, id=9724, stack(0x0000000023060000,0x0000000023160000)]
  0x000000002da24800 JavaThread "jar transforms Thread 577" [_thread_blocked, id=12500, stack(0x0000000022f60000,0x0000000023060000)]
  0x000000002da1c000 JavaThread "jar transforms Thread 576" [_thread_blocked, id=2568, stack(0x0000000022e60000,0x0000000022f60000)]
  0x000000002da1e800 JavaThread "jar transforms Thread 575" [_thread_blocked, id=5596, stack(0x0000000022d60000,0x0000000022e60000)]
  0x000000002da22000 JavaThread "jar transforms Thread 574" [_thread_blocked, id=11880, stack(0x0000000022c60000,0x0000000022d60000)]
  0x000000002da21800 JavaThread "jar transforms Thread 573" [_thread_blocked, id=10744, stack(0x0000000022b60000,0x0000000022c60000)]
  0x000000002da20000 JavaThread "jar transforms Thread 572" [_thread_blocked, id=12264, stack(0x0000000022900000,0x0000000022a00000)]
  0x000000002da1d800 JavaThread "jar transforms Thread 571" [_thread_blocked, id=2396, stack(0x0000000022800000,0x0000000022900000)]
  0x000000002da1d000 JavaThread "jar transforms Thread 570" [_thread_blocked, id=11128, stack(0x0000000022700000,0x0000000022800000)]
  0x0000000020c8a800 JavaThread "jar transforms Thread 569" [_thread_blocked, id=7732, stack(0x0000000022600000,0x0000000022700000)]
  0x0000000020c89800 JavaThread "jar transforms Thread 568" [_thread_blocked, id=15072, stack(0x0000000022500000,0x0000000022600000)]
  0x0000000020c89000 JavaThread "jar transforms Thread 567" [_thread_blocked, id=9700, stack(0x0000000022200000,0x0000000022300000)]
  0x0000000020c8d800 JavaThread "jar transforms Thread 566" [_thread_blocked, id=3756, stack(0x0000000022100000,0x0000000022200000)]
  0x000000001fd8d800 JavaThread "jar transforms Thread 565" [_thread_blocked, id=14972, stack(0x000000002f970000,0x000000002fa70000)]
  0x000000001fd8a800 JavaThread "jar transforms Thread 564" [_thread_blocked, id=15200, stack(0x000000002f870000,0x000000002f970000)]
  0x000000001fd8f000 JavaThread "jar transforms Thread 563" [_thread_blocked, id=12684, stack(0x000000002f770000,0x000000002f870000)]
  0x000000001fd8e000 JavaThread "jar transforms Thread 562" [_thread_blocked, id=5688, stack(0x000000002c670000,0x000000002c770000)]
  0x000000001fd68000 JavaThread "jar transforms Thread 561" [_thread_blocked, id=4416, stack(0x000000002c570000,0x000000002c670000)]
  0x000000001fd67800 JavaThread "jar transforms Thread 560" [_thread_blocked, id=11600, stack(0x000000002c470000,0x000000002c570000)]
  0x000000001fd65000 JavaThread "jar transforms Thread 559" [_thread_blocked, id=14484, stack(0x000000002c370000,0x000000002c470000)]
  0x000000001fd66800 JavaThread "jar transforms Thread 558" [_thread_blocked, id=14044, stack(0x000000002c270000,0x000000002c370000)]
  0x000000001fd64800 JavaThread "jar transforms Thread 557" [_thread_blocked, id=2228, stack(0x000000002c170000,0x000000002c270000)]
  0x000000001fd63800 JavaThread "jar transforms Thread 556" [_thread_blocked, id=8960, stack(0x000000002c070000,0x000000002c170000)]
  0x000000001fd63000 JavaThread "jar transforms Thread 555" [_thread_blocked, id=14636, stack(0x000000002bf70000,0x000000002c070000)]
  0x000000001fd62000 JavaThread "jar transforms Thread 554" [_thread_blocked, id=12416, stack(0x000000002be70000,0x000000002bf70000)]
  0x000000001fd66000 JavaThread "jar transforms Thread 553" [_thread_blocked, id=15220, stack(0x000000002bd70000,0x000000002be70000)]
  0x00000000356c4000 JavaThread "Daemon worker Thread 5" [_thread_in_Java, id=5568, stack(0x000000001e620000,0x000000001e720000)]
  0x00000000356b9000 JavaThread "Daemon Thread 5" [_thread_blocked, id=14104, stack(0x00000000013b0000,0x00000000014b0000)]
  0x00000000356c1800 JavaThread "RMI TCP Accept-0" daemon [_thread_in_native, id=11748, stack(0x0000000039200000,0x0000000039300000)]
  0x0000000025369000 JavaThread "RMI Reaper" [_thread_blocked, id=2516, stack(0x0000000036170000,0x0000000036270000)]
  0x000000002536f800 JavaThread "RMI TCP Accept-0" daemon [_thread_in_native, id=13228, stack(0x0000000036070000,0x0000000036170000)]
  0x000000002536a800 JavaThread "GC Daemon" daemon [_thread_blocked, id=432, stack(0x0000000035d70000,0x0000000035e70000)]
  0x000000002536f000 JavaThread "RMI Scheduler(0)" daemon [_thread_blocked, id=4160, stack(0x0000000032450000,0x0000000032550000)]
  0x0000000020c8f800 JavaThread "MarlinRenderer Disposer" daemon [_thread_blocked, id=15288, stack(0x0000000033650000,0x0000000033750000)]
  0x0000000020c8e000 JavaThread "Java2D Disposer" daemon [_thread_blocked, id=3764, stack(0x0000000033550000,0x0000000033650000)]
  0x0000000020e7e000 JavaThread "Memory manager" [_thread_blocked, id=8892, stack(0x000000002eb40000,0x000000002ec40000)]
  0x000000001fd97000 JavaThread "Cache worker for file content cache (C:\Users\BISHAL\.gradle\caches\6.5\fileContent)" [_thread_blocked, id=1264, stack(0x0000000023f60000,0x0000000024060000)]
  0x000000001fd95000 JavaThread "Cache worker for execution history cache (C:\Users\BISHAL\.gradle\caches\6.5\executionHistory)" [_thread_blocked, id=13660, stack(0x0000000023a60000,0x0000000023b60000)]
  0x000000001c5d3800 JavaThread "Cache worker for file hash cache (C:\Users\BISHAL\.gradle\caches\6.5\fileHashes)" [_thread_blocked, id=4428, stack(0x000000001f860000,0x000000001f960000)]
  0x000000001c5d4800 JavaThread "File lock request listener" [_thread_in_native, id=7928, stack(0x000000001f760000,0x000000001f860000)]
  0x000000001d57c000 JavaThread "Cache worker for journal cache (C:\Users\BISHAL\.gradle\caches\journal-1)" [_thread_blocked, id=7808, stack(0x000000001f660000,0x000000001f760000)]
  0x000000001d438000 JavaThread "Daemon periodic checks" [_thread_blocked, id=6804, stack(0x000000001ea60000,0x000000001eb60000)]
  0x000000001c984000 JavaThread "Incoming local TCP Connector on port 49416" [_thread_in_native, id=11944, stack(0x000000001e820000,0x000000001e920000)]
  0x000000001d364800 JavaThread "Daemon health stats" [_thread_blocked, id=4584, stack(0x000000001e1e0000,0x000000001e2e0000)]
  0x0000000019c85000 JavaThread "Service Thread" daemon [_thread_blocked, id=10524, stack(0x000000001b640000,0x000000001b740000)]
  0x0000000019c09000 JavaThread "C1 CompilerThread3" daemon [_thread_blocked, id=100, stack(0x000000001b540000,0x000000001b640000)]
=>0x0000000019c07000 JavaThread "C2 CompilerThread2" daemon [_thread_in_native, id=7588, stack(0x000000001b440000,0x000000001b540000)]
  0x0000000019bfe800 JavaThread "C2 CompilerThread1" daemon [_thread_in_native, id=12968, stack(0x000000001b340000,0x000000001b440000)]
  0x0000000019bf5800 JavaThread "C2 CompilerThread0" daemon [_thread_in_native, id=1908, stack(0x000000001b240000,0x000000001b340000)]
  0x0000000019bf2800 JavaThread "Attach Listener" daemon [_thread_blocked, id=13684, stack(0x000000001b140000,0x000000001b240000)]
  0x0000000019bf1000 JavaThread "Signal Dispatcher" daemon [_thread_blocked, id=12580, stack(0x000000001b040000,0x000000001b140000)]
  0x00000000184f2000 JavaThread "Finalizer" daemon [_thread_blocked, id=8144, stack(0x000000001ae40000,0x000000001af40000)]
  0x0000000019be3000 JavaThread "Reference Handler" daemon [_thread_blocked, id=1804, stack(0x000000001ad40000,0x000000001ae40000)]
  0x000000000307e800 JavaThread "main" [_thread_blocked, id=14168, stack(0x0000000003080000,0x0000000003180000)]

Other Threads:
  0x00000000184e5800 VMThread [stack: 0x000000001ac40000,0x000000001ad40000] [id=11380]
  0x0000000019c86800 WatcherThread [stack: 0x000000001b740000,0x000000001b840000] [id=5832]

VM state:not at safepoint (normal execution)

VM Mutex/Monitor currently owned by a thread: None

heap address: 0x0000000080000000, size: 2048 MB, Compressed Oops mode: 32-bit
Narrow klass base: 0x0000000000000000, Narrow klass shift: 3
Compressed class space size: 1073741824 Address: 0x0000000100000000

Heap:
 PSYoungGen      total 631296K, used 472568K [0x00000000d5580000, 0x0000000100000000, 0x0000000100000000)
  eden space 562688K, 77% used [0x00000000d5580000,0x00000000efe0b030,0x00000000f7b00000)
  from space 68608K, 55% used [0x00000000fbd00000,0x00000000fe1f3270,0x0000000100000000)
  to   space 67584K, 0% used [0x00000000f7b00000,0x00000000f7b00000,0x00000000fbd00000)
 ParOldGen       total 324608K, used 281570K [0x0000000080000000, 0x0000000093d00000, 0x00000000d5580000)
  object space 324608K, 86% used [0x0000000080000000,0x00000000912f8bc8,0x0000000093d00000)
 Metaspace       used 216613K, capacity 229128K, committed 229452K, reserved 1249280K
  class space    used 28060K, capacity 30466K, committed 30580K, reserved 1048576K

Card table byte_map: [0x0000000012640000,0x0000000012a50000] byte_map_base: 0x0000000012240000

Marking Bits: (ParMarkBitMap*) 0x00000000536cf030
 Begin Bits: [0x0000000013700000, 0x0000000015700000)
 End Bits:   [0x0000000015700000, 0x0000000017700000)

Polling page: 0x0000000001840000

CodeCache: size=245760Kb used=97177Kb max_used=97308Kb free=148582Kb
 bounds [0x0000000003280000, 0x0000000009230000, 0x0000000012280000]
 total_blobs=28856 nmethods=27738 adapters=1027
 compilation: enabled

Compilation events (10 events):
Event: 6955.079 Thread 0x0000000019c09000 37663       2       org.gradle.api.internal.provider.Providers$FixedValueProvider::withFinalValue (2 bytes)
Event: 6955.079 Thread 0x0000000019c09000 nmethod 37663 0x00000000034e7e50 code [0x00000000034e7fa0, 0x00000000034e80f0]
Event: 6955.079 Thread 0x0000000019c09000 37666       2       org.gradle.api.internal.tasks.PropertyFileCollection::visitContents (12 bytes)
Event: 6955.079 Thread 0x0000000019c09000 nmethod 37666 0x00000000034e7ad0 code [0x00000000034e7c40, 0x00000000034e7dc8]
Event: 6955.081 Thread 0x0000000019c09000 37667       2       org.gradle.internal.vfs.impl.DefaultSnapshotHierarchy::getMetadata (44 bytes)
Event: 6955.082 Thread 0x0000000019c09000 nmethod 37667 0x00000000034e74d0 code [0x00000000034e7660, 0x00000000034e7928]
Event: 6955.108 Thread 0x0000000019c09000 37668       2       java.security.MessageDigest::<init> (15 bytes)
Event: 6955.109 Thread 0x0000000019c09000 nmethod 37668 0x00000000034e7150 code [0x00000000034e72a0, 0x00000000034e7410]
Event: 6955.120 Thread 0x0000000019c09000 37669       2       com.google.common.collect.ImmutableMultimap$Builder::put (50 bytes)
Event: 6955.121 Thread 0x0000000019c09000 nmethod 37669 0x0000000007588a90 code [0x0000000007588c20, 0x0000000007588ec8]

GC Heap History (10 events):
Event: 6897.722 GC heap before
{Heap before GC invocations=49 (full 7):
 PSYoungGen      total 623616K, used 579924K [0x00000000d5580000, 0x00000000fff80000, 0x0000000100000000)
  eden space 557568K, 100% used [0x00000000d5580000,0x00000000f7600000,0x00000000f7600000)
  from space 66048K, 33% used [0x00000000f7600000,0x00000000f8bd5300,0x00000000fb680000)
  to   space 62464K, 0% used [0x00000000fc280000,0x00000000fc280000,0x00000000fff80000)
 ParOldGen       total 324608K, used 249687K [0x0000000080000000, 0x0000000093d00000, 0x00000000d5580000)
  object space 324608K, 76% used [0x0000000080000000,0x000000008f3d5fd0,0x0000000093d00000)
 Metaspace       used 178527K, capacity 188492K, committed 189388K, reserved 1214464K
  class space    used 23066K, capacity 24974K, committed 25332K, reserved 1048576K
Event: 6897.754 GC heap after
Heap after GC invocations=49 (full 7):
 PSYoungGen      total 622592K, used 26017K [0x00000000d5580000, 0x00000000ff580000, 0x0000000100000000)
  eden space 570368K, 0% used [0x00000000d5580000,0x00000000d5580000,0x00000000f8280000)
  from space 52224K, 49% used [0x00000000fc280000,0x00000000fdbe87a0,0x00000000ff580000)
  to   space 58880K, 0% used [0x00000000f8280000,0x00000000f8280000,0x00000000fbc00000)
 ParOldGen       total 324608K, used 258523K [0x0000000080000000, 0x0000000093d00000, 0x00000000d5580000)
  object space 324608K, 79% used [0x0000000080000000,0x000000008fc76fd8,0x0000000093d00000)
 Metaspace       used 178527K, capacity 188492K, committed 189388K, reserved 1214464K
  class space    used 23066K, capacity 24974K, committed 25332K, reserved 1048576K
}
Event: 6904.053 GC heap before
{Heap before GC invocations=50 (full 7):
 PSYoungGen      total 622592K, used 596379K [0x00000000d5580000, 0x00000000ff580000, 0x0000000100000000)
  eden space 570368K, 99% used [0x00000000d5580000,0x00000000f827e498,0x00000000f8280000)
  from space 52224K, 49% used [0x00000000fc280000,0x00000000fdbe87a0,0x00000000ff580000)
  to   space 58880K, 0% used [0x00000000f8280000,0x00000000f8280000,0x00000000fbc00000)
 ParOldGen       total 324608K, used 258523K [0x0000000080000000, 0x0000000093d00000, 0x00000000d5580000)
  object space 324608K, 79% used [0x0000000080000000,0x000000008fc76fd8,0x0000000093d00000)
 Metaspace       used 197577K, capacity 208190K, committed 208716K, reserved 1230848K
  class space    used 25749K, capacity 27802K, committed 28020K, reserved 1048576K
Event: 6904.084 GC heap after
Heap after GC invocations=50 (full 7):
 PSYoungGen      total 629248K, used 42492K [0x00000000d5580000, 0x0000000100000000, 0x0000000100000000)
  eden space 570368K, 0% used [0x00000000d5580000,0x00000000d5580000,0x00000000f8280000)
  from space 58880K, 72% used [0x00000000f8280000,0x00000000fabff190,0x00000000fbc00000)
  to   space 61952K, 0% used [0x00000000fc380000,0x00000000fc380000,0x0000000100000000)
 ParOldGen       total 324608K, used 258531K [0x0000000080000000, 0x0000000093d00000, 0x00000000d5580000)
  object space 324608K, 79% used [0x0000000080000000,0x000000008fc78fd8,0x0000000093d00000)
 Metaspace       used 197577K, capacity 208190K, committed 208716K, reserved 1230848K
  class space    used 25749K, capacity 27802K, committed 28020K, reserved 1048576K
}
Event: 6904.838 GC heap before
{Heap before GC invocations=51 (full 7):
 PSYoungGen      total 629248K, used 612860K [0x00000000d5580000, 0x0000000100000000, 0x0000000100000000)
  eden space 570368K, 100% used [0x00000000d5580000,0x00000000f8280000,0x00000000f8280000)
  from space 58880K, 72% used [0x00000000f8280000,0x00000000fabff190,0x00000000fbc00000)
  to   space 61952K, 0% used [0x00000000fc380000,0x00000000fc380000,0x0000000100000000)
 ParOldGen       total 324608K, used 258531K [0x0000000080000000, 0x0000000093d00000, 0x00000000d5580000)
  object space 324608K, 79% used [0x0000000080000000,0x000000008fc78fd8,0x0000000093d00000)
 Metaspace       used 199120K, capacity 209758K, committed 210124K, reserved 1230848K
  class space    used 25880K, capacity 27950K, committed 28148K, reserved 1048576K
Event: 6904.866 GC heap after
Heap after GC invocations=51 (full 7):
 PSYoungGen      total 635904K, used 36826K [0x00000000d5580000, 0x0000000100000000, 0x0000000100000000)
  eden space 573952K, 0% used [0x00000000d5580000,0x00000000d5580000,0x00000000f8600000)
  from space 61952K, 59% used [0x00000000fc380000,0x00000000fe776a30,0x0000000100000000)
  to   space 62464K, 0% used [0x00000000f8600000,0x00000000f8600000,0x00000000fc300000)
 ParOldGen       total 324608K, used 258539K [0x0000000080000000, 0x0000000093d00000, 0x00000000d5580000)
  object space 324608K, 79% used [0x0000000080000000,0x000000008fc7afd8,0x0000000093d00000)
 Metaspace       used 199120K, capacity 209758K, committed 210124K, reserved 1230848K
  class space    used 25880K, capacity 27950K, committed 28148K, reserved 1048576K
}
Event: 6907.741 GC heap before
{Heap before GC invocations=52 (full 7):
 PSYoungGen      total 635904K, used 610778K [0x00000000d5580000, 0x0000000100000000, 0x0000000100000000)
  eden space 573952K, 100% used [0x00000000d5580000,0x00000000f8600000,0x00000000f8600000)
  from space 61952K, 59% used [0x00000000fc380000,0x00000000fe776a30,0x0000000100000000)
  to   space 62464K, 0% used [0x00000000f8600000,0x00000000f8600000,0x00000000fc300000)
 ParOldGen       total 324608K, used 258539K [0x0000000080000000, 0x0000000093d00000, 0x00000000d5580000)
  object space 324608K, 79% used [0x0000000080000000,0x000000008fc7afd8,0x0000000093d00000)
 Metaspace       used 203776K, capacity 215546K, committed 215756K, reserved 1236992K
  class space    used 26558K, capacity 28818K, committed 28916K, reserved 1048576K
Event: 6907.792 GC heap after
Heap after GC invocations=52 (full 7):
 PSYoungGen      total 628224K, used 54077K [0x00000000d5580000, 0x0000000100000000, 0x0000000100000000)
  eden space 573952K, 0% used [0x00000000d5580000,0x00000000d5580000,0x00000000f8600000)
  from space 54272K, 99% used [0x00000000f8600000,0x00000000fbacf568,0x00000000fbb00000)
  to   space 68608K, 0% used [0x00000000fbd00000,0x00000000fbd00000,0x0000000100000000)
 ParOldGen       total 324608K, used 263190K [0x0000000080000000, 0x0000000093d00000, 0x00000000d5580000)
  object space 324608K, 81% used [0x0000000080000000,0x0000000090105908,0x0000000093d00000)
 Metaspace       used 203776K, capacity 215546K, committed 215756K, reserved 1236992K
  class space    used 26558K, capacity 28818K, committed 28916K, reserved 1048576K
}
Event: 6943.782 GC heap before
{Heap before GC invocations=53 (full 7):
 PSYoungGen      total 628224K, used 628029K [0x00000000d5580000, 0x0000000100000000, 0x0000000100000000)
  eden space 573952K, 100% used [0x00000000d5580000,0x00000000f8600000,0x00000000f8600000)
  from space 54272K, 99% used [0x00000000f8600000,0x00000000fbacf568,0x00000000fbb00000)
  to   space 68608K, 0% used [0x00000000fbd00000,0x00000000fbd00000,0x0000000100000000)
 ParOldGen       total 324608K, used 263190K [0x0000000080000000, 0x0000000093d00000, 0x00000000d5580000)
  object space 324608K, 81% used [0x0000000080000000,0x0000000090105908,0x0000000093d00000)
 Metaspace       used 210393K, capacity 222566K, committed 222796K, reserved 1243136K
  class space    used 27200K, capacity 29528K, committed 29556K, reserved 1048576K
Event: 6943.862 GC heap after
Heap after GC invocations=53 (full 7):
 PSYoungGen      total 631296K, used 37836K [0x00000000d5580000, 0x0000000100000000, 0x0000000100000000)
  eden space 562688K, 0% used [0x00000000d5580000,0x00000000d5580000,0x00000000f7b00000)
  from space 68608K, 55% used [0x00000000fbd00000,0x00000000fe1f3270,0x0000000100000000)
  to   space 67584K, 0% used [0x00000000f7b00000,0x00000000f7b00000,0x00000000fbd00000)
 ParOldGen       total 324608K, used 281570K [0x0000000080000000, 0x0000000093d00000, 0x00000000d5580000)
  object space 324608K, 86% used [0x0000000080000000,0x00000000912f8bc8,0x0000000093d00000)
 Metaspace       used 210393K, capacity 222566K, committed 222796K, reserved 1243136K
  class space    used 27200K, capacity 29528K, committed 29556K, reserved 1048576K
}

Deoptimization events (10 events):
Event: 6954.984 Thread 0x00000000356c4000 Uncommon trap: reason=unstable_if action=reinterpret pc=0x00000000053bf5a4 method=org.gradle.api.internal.tasks.compile.tooling.JavaCompileTaskSuccessResultPostProcessor.finished(Lorg/gradle/internal/operations/BuildOperationDescriptor;Lorg/gradle/interna
Event: 6955.078 Thread 0x00000000356c4000 Uncommon trap: reason=bimorphic action=maybe_recompile pc=0x00000000057ba684 method=org.gradle.internal.vfs.impl.DefaultSnapshotHierarchy.getMetadata(Ljava/lang/String;)Ljava/util/Optional; @ 9
Event: 6955.078 Thread 0x00000000356c4000 Uncommon trap: reason=bimorphic action=maybe_recompile pc=0x00000000057ba684 method=org.gradle.internal.vfs.impl.DefaultSnapshotHierarchy.getMetadata(Ljava/lang/String;)Ljava/util/Optional; @ 9
Event: 6955.079 Thread 0x00000000356c4000 Uncommon trap: reason=bimorphic action=maybe_recompile pc=0x00000000057ba684 method=org.gradle.internal.vfs.impl.DefaultSnapshotHierarchy.getMetadata(Ljava/lang/String;)Ljava/util/Optional; @ 9
Event: 6955.079 Thread 0x00000000356c4000 Uncommon trap: reason=bimorphic action=maybe_recompile pc=0x00000000057ba684 method=org.gradle.internal.vfs.impl.DefaultSnapshotHierarchy.getMetadata(Ljava/lang/String;)Ljava/util/Optional; @ 9
Event: 6955.100 Thread 0x000000001fd8f800 Uncommon trap: reason=class_check action=maybe_recompile pc=0x000000000405f7b0 method=com.google.common.collect.Iterables.castOrCopyToCollection(Ljava/lang/Iterable;)Ljava/util/Collection; @ 1
Event: 6955.102 Thread 0x00000000356c4000 Uncommon trap: reason=class_check action=maybe_recompile pc=0x0000000008d94270 method=com.google.common.collect.AbstractMapBasedMultimap$WrappedCollection.refreshIfEmpty()V @ 40
Event: 6955.102 Thread 0x00000000356c4000 Uncommon trap: reason=class_check action=maybe_recompile pc=0x0000000008d94270 method=com.google.common.collect.AbstractMapBasedMultimap$WrappedCollection.refreshIfEmpty()V @ 40
Event: 6955.102 Thread 0x00000000356c4000 Uncommon trap: reason=class_check action=maybe_recompile pc=0x0000000008d94270 method=com.google.common.collect.AbstractMapBasedMultimap$WrappedCollection.refreshIfEmpty()V @ 40
Event: 6955.102 Thread 0x00000000356c4000 Uncommon trap: reason=class_check action=maybe_recompile pc=0x0000000008d94270 method=com.google.common.collect.AbstractMapBasedMultimap$WrappedCollection.refreshIfEmpty()V @ 40

Classes redefined (0 events):
No events

Internal exceptions (10 events):
Event: 6953.789 Thread 0x00000000356c4000 Exception <a 'sun/nio/fs/WindowsException'> (0x00000000e47098b8) thrown at [C:\src\AOSP-openjdk-git\hotspot\src\share\vm\prims\jni.cpp, line 710]
Event: 6953.789 Thread 0x00000000356c4000 Exception <a 'sun/nio/fs/WindowsException'> (0x00000000e470c400) thrown at [C:\src\AOSP-openjdk-git\hotspot\src\share\vm\prims\jni.cpp, line 710]
Event: 6953.789 Thread 0x00000000356c4000 Exception <a 'sun/nio/fs/WindowsException'> (0x00000000e470dc90) thrown at [C:\src\AOSP-openjdk-git\hotspot\src\share\vm\prims\jni.cpp, line 710]
Event: 6954.198 Thread 0x00000000356c4000 Implicit null exception at 0x000000000541be1b to 0x000000000541c0bd
Event: 6954.988 Thread 0x000000002146a000 Exception <a 'java/lang/NoSuchMethodError': <clinit>> (0x00000000d5625de8) thrown at [C:\src\AOSP-openjdk-git\hotspot\src\share\vm\prims\jni.cpp, line 1615]
Event: 6955.064 Thread 0x0000000020e8a000 Exception <a 'sun/nio/fs/WindowsException'> (0x00000000ef0b3898) thrown at [C:\src\AOSP-openjdk-git\hotspot\src\share\vm\prims\jni.cpp, line 710]
Event: 6955.064 Thread 0x0000000020e8a000 Exception <a 'sun/nio/fs/WindowsException'> (0x00000000ef0b45c0) thrown at [C:\src\AOSP-openjdk-git\hotspot\src\share\vm\prims\jni.cpp, line 710]
Event: 6955.068 Thread 0x0000000020e8a000 Exception <a 'sun/nio/fs/WindowsException'> (0x00000000ef0bf8d8) thrown at [C:\src\AOSP-openjdk-git\hotspot\src\share\vm\prims\jni.cpp, line 710]
Event: 6955.068 Thread 0x0000000020e8a000 Exception <a 'sun/nio/fs/WindowsException'> (0x00000000ef0c0918) thrown at [C:\src\AOSP-openjdk-git\hotspot\src\share\vm\prims\jni.cpp, line 710]
Event: 6955.073 Thread 0x000000001fd8f800 Exception <a 'sun/nio/fs/WindowsException'> (0x00000000ef12ac80) thrown at [C:\src\AOSP-openjdk-git\hotspot\src\share\vm\prims\jni.cpp, line 710]

Events (10 events):
Event: 6955.102 Thread 0x00000000356c4000 DEOPT UNPACKING pc=0x00000000032c557b sp=0x000000001e71a9f8 mode 2
Event: 6955.102 Thread 0x00000000356c4000 Uncommon trap: trap_request=0xffffffde fr.pc=0x0000000008d94270
Event: 6955.102 Thread 0x00000000356c4000 DEOPT PACKING pc=0x0000000008d94270 sp=0x000000001e71ab00
Event: 6955.102 Thread 0x00000000356c4000 DEOPT UNPACKING pc=0x00000000032c557b sp=0x000000001e71a9f8 mode 2
Event: 6955.102 Thread 0x00000000356c4000 Uncommon trap: trap_request=0xffffffde fr.pc=0x0000000008d94270
Event: 6955.102 Thread 0x00000000356c4000 DEOPT PACKING pc=0x0000000008d94270 sp=0x000000001e71ab00
Event: 6955.102 Thread 0x00000000356c4000 DEOPT UNPACKING pc=0x00000000032c557b sp=0x000000001e71a9f8 mode 2
Event: 6955.102 Thread 0x00000000356c4000 Uncommon trap: trap_request=0xffffffde fr.pc=0x0000000008d94270
Event: 6955.102 Thread 0x00000000356c4000 DEOPT PACKING pc=0x0000000008d94270 sp=0x000000001e71ab00
Event: 6955.102 Thread 0x00000000356c4000 DEOPT UNPACKING pc=0x00000000032c557b sp=0x000000001e71a9f8 mode 2


Dynamic libraries:
0x00007ff7dd960000 - 0x00007ff7dd991000 	C:\Program Files\Android\Android Studio\jre\bin\java.exe
0x00007fff9f3f0000 - 0x00007fff9f5e5000 	C:\Windows\SYSTEM32\ntdll.dll
0x00007fff9e050000 - 0x00007fff9e10d000 	C:\Windows\System32\KERNEL32.DLL
0x00007fff9d140000 - 0x00007fff9d409000 	C:\Windows\System32\KERNELBASE.dll
0x00007fff9dfa0000 - 0x00007fff9e04c000 	C:\Windows\System32\ADVAPI32.dll
0x00007fff9ed10000 - 0x00007fff9edae000 	C:\Windows\System32\msvcrt.dll
0x00007fff9ec70000 - 0x00007fff9ed0b000 	C:\Windows\System32\sechost.dll
0x00007fff9ee60000 - 0x00007fff9ef8a000 	C:\Windows\System32\RPCRT4.dll
0x00007fff9dd70000 - 0x00007fff9df10000 	C:\Windows\System32\USER32.dll
0x00007fff9cf80000 - 0x00007fff9cfa2000 	C:\Windows\System32\win32u.dll
0x00007fff9eab0000 - 0x00007fff9eada000 	C:\Windows\System32\GDI32.dll
0x00007fff9cd10000 - 0x00007fff9ce1b000 	C:\Windows\System32\gdi32full.dll
0x00007fff9cc70000 - 0x00007fff9cd0d000 	C:\Windows\System32\msvcp_win.dll
0x00007fff9cfb0000 - 0x00007fff9d0b0000 	C:\Windows\System32\ucrtbase.dll
0x00007fff8adf0000 - 0x00007fff8b08a000 	C:\Windows\WinSxS\amd64_microsoft.windows.common-controls_6595b64144ccf1df_6.0.19041.1110_none_60b5254171f9507e\COMCTL32.dll
0x00007fff9dc10000 - 0x00007fff9dc40000 	C:\Windows\System32\IMM32.DLL
0x0000000054700000 - 0x00000000547d2000 	C:\Program Files\Android\Android Studio\jre\jre\bin\msvcr100.dll
0x0000000052f00000 - 0x000000005374b000 	C:\Program Files\Android\Android Studio\jre\jre\bin\server\jvm.dll
0x00007fff9d460000 - 0x00007fff9d468000 	C:\Windows\System32\PSAPI.DLL
0x00007fff97000000 - 0x00007fff97009000 	C:\Windows\SYSTEM32\WSOCK32.dll
0x00007fff95140000 - 0x00007fff9514a000 	C:\Windows\SYSTEM32\VERSION.dll
0x00007fff9ea40000 - 0x00007fff9eaab000 	C:\Windows\System32\WS2_32.dll
0x00007fff93630000 - 0x00007fff93657000 	C:\Windows\SYSTEM32\WINMM.dll
0x00007fff96fb0000 - 0x00007fff96fbf000 	C:\Program Files\Android\Android Studio\jre\jre\bin\verify.dll
0x00007fff94620000 - 0x00007fff94649000 	C:\Program Files\Android\Android Studio\jre\jre\bin\java.dll
0x00007fff96690000 - 0x00007fff966a6000 	C:\Program Files\Android\Android Studio\jre\jre\bin\zip.dll
0x00007fff9d4d0000 - 0x00007fff9dc0f000 	C:\Windows\System32\SHELL32.dll
0x00007fff9ac40000 - 0x00007fff9b3d1000 	C:\Windows\SYSTEM32\windows.storage.dll
0x00007fff9e110000 - 0x00007fff9e465000 	C:\Windows\System32\combase.dll
0x00007fff9c530000 - 0x00007fff9c55c000 	C:\Windows\SYSTEM32\Wldp.dll
0x00007fff9f280000 - 0x00007fff9f32e000 	C:\Windows\System32\SHCORE.dll
0x00007fff9d470000 - 0x00007fff9d4c5000 	C:\Windows\System32\shlwapi.dll
0x00007fff9ca70000 - 0x00007fff9ca8f000 	C:\Windows\SYSTEM32\profapi.dll
0x00007fff94600000 - 0x00007fff9461a000 	C:\Program Files\Android\Android Studio\jre\jre\bin\net.dll
0x00007fff9c230000 - 0x00007fff9c29a000 	C:\Windows\system32\mswsock.dll
0x00007fff94550000 - 0x00007fff94563000 	C:\Program Files\Android\Android Studio\jre\jre\bin\nio.dll
0x00007fff69630000 - 0x00007fff69657000 	C:\Users\BISHAL\.gradle\native\f6784746aeab05261644944871eae4fe03e0ef1612fff0a4a95f87b438bc6780\windows-amd64\native-platform.dll
0x00007fff96ae0000 - 0x00007fff96aed000 	C:\Program Files\Android\Android Studio\jre\jre\bin\management.dll
0x00007fff9c410000 - 0x00007fff9c428000 	C:\Windows\SYSTEM32\CRYPTSP.dll
0x00007fff9bbd0000 - 0x00007fff9bc04000 	C:\Windows\system32\rsaenh.dll
0x00007fff9cc40000 - 0x00007fff9cc67000 	C:\Windows\System32\bcrypt.dll
0x00007fff9ca30000 - 0x00007fff9ca5e000 	C:\Windows\SYSTEM32\USERENV.dll
0x00007fff9d0b0000 - 0x00007fff9d133000 	C:\Windows\System32\bcryptprimitives.dll
0x00007fff9c430000 - 0x00007fff9c43c000 	C:\Windows\SYSTEM32\CRYPTBASE.dll
0x00007fff9bf20000 - 0x00007fff9bf5b000 	C:\Windows\SYSTEM32\IPHLPAPI.DLL
0x00007fff9dc40000 - 0x00007fff9dc48000 	C:\Windows\System32\NSI.dll
0x00007fff93900000 - 0x00007fff93917000 	C:\Windows\SYSTEM32\dhcpcsvc6.DLL
0x00007fff95180000 - 0x00007fff9519d000 	C:\Windows\SYSTEM32\dhcpcsvc.DLL
0x00007fff9bf60000 - 0x00007fff9c02c000 	C:\Windows\SYSTEM32\DNSAPI.dll
0x00007fff96230000 - 0x00007fff9623b000 	C:\Windows\SYSTEM32\WINNSI.DLL
0x00007fff8a3f0000 - 0x00007fff8a414000 	C:\Program Files\Android\Android Studio\jre\jre\bin\sunec.dll
0x00007fff951a0000 - 0x00007fff951aa000 	C:\Windows\System32\rasadhlp.dll
0x00007fff86790000 - 0x00007fff8680f000 	C:\Windows\System32\fwpuclnt.dll
0x00007fff96720000 - 0x00007fff9672b000 	C:\Program Files\Android\Android Studio\jre\jre\bin\sunmscapi.dll
0x00007fff9ce20000 - 0x00007fff9cf7f000 	C:\Windows\System32\CRYPT32.dll
0x00007fff9b8a0000 - 0x00007fff9b8d3000 	C:\Windows\SYSTEM32\ntmarta.dll
0x00007fff64390000 - 0x00007fff6452c000 	C:\Program Files\Android\Android Studio\jre\jre\bin\awt.dll
0x00007fff9e470000 - 0x00007fff9e53d000 	C:\Windows\System32\OLEAUT32.dll
0x00007fff9a4b0000 - 0x00007fff9a4df000 	C:\Windows\SYSTEM32\dwmapi.dll
0x00007fff98e20000 - 0x00007fff993e0000 	C:\Windows\SYSTEM32\d2d1.dll
0x00007fff9a100000 - 0x00007fff9a190000 	C:\Windows\SYSTEM32\apphelp.dll
0x00007fff9a2c0000 - 0x00007fff9a35e000 	C:\Windows\system32\uxtheme.dll
0x00007fff920c0000 - 0x00007fff920de000 	C:\Users\BISHAL\AppData\Local\Temp\native-platform5960981272764227156dir\native-platform.dll
0x00007fff85b40000 - 0x00007fff85b57000 	C:\Windows\system32\napinsp.dll
0x00007fff85b60000 - 0x00007fff85b7b000 	C:\Windows\system32\pnrpnsp.dll
0x00007fff97850000 - 0x00007fff97865000 	C:\Windows\system32\wshbth.dll
0x00007fff982b0000 - 0x00007fff982cd000 	C:\Windows\system32\NLAapi.dll
0x00007fff85c30000 - 0x00007fff85c42000 	C:\Windows\System32\winrnr.dll
0x00007fff895d0000 - 0x00007fff895ee000 	C:\Users\BISHAL\AppData\Local\Temp\native-platform3575332471056486724dir\native-platform.dll

VM Arguments:
jvm_args: -Xmx2048m -Dfile.encoding=UTF-8 -Duser.country=IN -Duser.language=en -Duser.variant 
java_command: org.gradle.launcher.daemon.bootstrap.GradleDaemon 6.5
java_class_path (initial): C:\Users\BISHAL\.gradle\wrapper\dists\gradle-6.5-bin\6nifqtx7604sqp1q6g8wikw7p\gradle-6.5\lib\gradle-launcher-6.5.jar
Launcher Type: SUN_STANDARD

Environment Variables:
PATH=C:\Program Files\Common Files\Oracle\Java\javapath;C:\Windows\system32;C:\Windows;C:\Windows\System32\Wbem;C:\Windows\System32\WindowsPowerShell\v1.0\;C:\Windows\System32\OpenSSH\;C:\Program Files\NVIDIA Corporation\NVIDIA NvDLISR;C:\Users\BISHAL\AppData\Local\Microsoft\WindowsApps;C:\Users\BISHAL\AppData\Local\Programs\Microsoft VS Code\bin;C:\Program Files (x86)\mingw-w64\i686-8.1.0-posix-dwarf-rt_v6-rev0\mingw32\bin;C:\adb;C:\Users\BISHAL\AppData\Local\Microsoft\WindowsApps;C:\Users\BISHAL\AppData\Local\Programs\Microsoft VS Code\bin;C:\Program Files (x86)\mingw-w64\i686-8.1.0-posix-dwarf-rt_v6-rev0\mingw32\bin;C:\Program Files\JetBrains\IntelliJ IDEA Community Edition 2021.1.2\bin;;C:\Program Files\Java\jdk-16.0.1\bin;;C:\Program Files\JetBrains\PyCharm Community Edition 2021.1.2\bin;
USERNAME=BISHAL
OS=Windows_NT
PROCESSOR_IDENTIFIER=AMD64 Family 23 Model 104 Stepping 1, AuthenticAMD



---------------  S Y S T E M  ---------------

OS: Windows 10.0 , 64 bit Build 19041 (10.0.19041.1023)

CPU:total 12 (initial active 12) (12 cores per cpu, 1 threads per core) family 23 model 104 stepping 1, cmov, cx8, fxsr, mmx, sse, sse2, sse3, ssse3, sse4.1, sse4.2, popcnt, avx, avx2, aes, clmul, mmxext, 3dnowpref, lzcnt, sse4a, tsc, tscinvbit, tscinv, bmi1

Memory: 4k page, physical 7711560k(357988k free), swap 31828808k(3020k free)

vm_info: OpenJDK 64-Bit Server VM (25.242-b01) for windows-amd64 JRE (1.8.0_242-release-1644-b01), built by "builder" with MS VC++ 10.0 (VS2010)

time: Sun Jul 18 22:39:27 2021
timezone: India Standard Time
elapsed time: 6955 seconds (0d 1h 55m 55s)

